<?xml version="1.0" encoding="UTF-8"?>
<testsuite name="Test"
           tests="3"
           failures="0"
           errors="0"
           skipped="0"
           time="0.013">
  <properties />
  
  
            <testcase name="test2" time="0.002" classname="com.testng.sel.com.testng.NewTestng" />
                <testcase name="test1" time="0.008" classname="com.testng.sel.com.testng.NewTestng" />
                <testcase name="test3" time="0.003" classname="com.testng.sel.com.testng.NewTestng" />
      
</testsuite>
